[ 2019-10-06T16:44:50+08:00 ][ info ] [ BEHAVIOR ] Run Closure @app_init [ RunTime:0.001227s ]
[ info ] [ LOG ] INIT File
[ 2019-10-06T16:44:50+08:00 ][ info ] [ CACHE ] INIT Redis
[ 2019-10-06T16:44:50+08:00 ][ info ] [ BEHAVIOR ] Run Closure @app_init [ RunTime:0.005033s ]
[ 2019-10-06T16:44:50+08:00 ][ info ] [ LANG ] /www/wwwroot/apk.cityshopper.com.cn/thinkphp/lang/zh-cn.php
[ 2019-10-06T16:44:50+08:00 ][ info ] [ BIND ] 'socket/Bqworker'
[ 2019-10-06T16:44:50+08:00 ][ info ] [ ROUTE ] array (
  'type' => 'module',
  'module' => 
  array (
    0 => 'socket',
    1 => 'Bqworker',
    2 => NULL,
  ),
)
[ 2019-10-06T16:44:50+08:00 ][ info ] [ HEADER ] array (
)
[ 2019-10-06T16:44:50+08:00 ][ info ] [ PARAM ] array (
)
[ 2019-10-06T16:44:50+08:00 ][ info ] [ BEHAVIOR ] Run app\common\behavior\Common @module_init [ RunTime:0.004636s ]
[ 2019-10-06T16:44:55+08:00 ][ info ] [ BEHAVIOR ] Run Closure @app_init [ RunTime:0.000111s ]
[ info ] [ LOG ] INIT File
[ 2019-10-06T16:44:55+08:00 ][ info ] [ CACHE ] INIT Redis
[ 2019-10-06T16:44:55+08:00 ][ info ] [ BEHAVIOR ] Run Closure @app_init [ RunTime:0.002365s ]
[ 2019-10-06T16:44:55+08:00 ][ info ] [ LANG ] /www/wwwroot/apk.cityshopper.com.cn/thinkphp/lang/zh-cn.php
[ 2019-10-06T16:44:55+08:00 ][ info ] [ BIND ] 'socket/Bqworker'
[ 2019-10-06T16:44:55+08:00 ][ info ] [ ROUTE ] array (
  'type' => 'module',
  'module' => 
  array (
    0 => 'socket',
    1 => 'Bqworker',
    2 => 'start',
  ),
)
[ 2019-10-06T16:44:55+08:00 ][ info ] [ HEADER ] array (
)
[ 2019-10-06T16:44:55+08:00 ][ info ] [ PARAM ] array (
)
[ 2019-10-06T16:44:55+08:00 ][ info ] [ BEHAVIOR ] Run app\common\behavior\Common @module_init [ RunTime:0.002636s ]
[ 2019-10-06T16:44:56+08:00 ][ info ] [ DB ] INIT mysql
[ 2019-10-06T16:45:06+08:00 ][ info ] [ BEHAVIOR ] Run Closure @app_init [ RunTime:0.000140s ]
[ info ] [ LOG ] INIT File
[ 2019-10-06T16:45:06+08:00 ][ info ] [ CACHE ] INIT Redis
[ 2019-10-06T16:45:06+08:00 ][ info ] [ BEHAVIOR ] Run Closure @app_init [ RunTime:0.002336s ]
[ 2019-10-06T16:45:06+08:00 ][ info ] [ LANG ] /www/wwwroot/apk.cityshopper.com.cn/thinkphp/lang/zh-cn.php
[ 2019-10-06T16:45:06+08:00 ][ info ] [ BIND ] 'socket/Bqworker'
[ 2019-10-06T16:45:06+08:00 ][ info ] [ ROUTE ] array (
  'type' => 'module',
  'module' => 
  array (
    0 => 'socket',
    1 => 'Bqworker',
    2 => 'start',
  ),
)
[ 2019-10-06T16:45:06+08:00 ][ info ] [ HEADER ] array (
)
[ 2019-10-06T16:45:06+08:00 ][ info ] [ PARAM ] array (
)
[ 2019-10-06T16:45:06+08:00 ][ info ] [ BEHAVIOR ] Run app\common\behavior\Common @module_init [ RunTime:0.002626s ]
[ 2019-10-06T16:45:07+08:00 ][ info ] [ DB ] INIT mysql
[ 2019-10-06T16:52:50+08:00 ][ info ] [ BEHAVIOR ] Run Closure @app_init [ RunTime:0.000121s ]
[ info ] [ LOG ] INIT File
[ 2019-10-06T16:52:50+08:00 ][ info ] [ CACHE ] INIT Redis
[ 2019-10-06T16:52:50+08:00 ][ info ] [ BEHAVIOR ] Run Closure @app_init [ RunTime:0.002546s ]
[ 2019-10-06T16:52:50+08:00 ][ info ] [ LANG ] /www/wwwroot/apk.cityshopper.com.cn/thinkphp/lang/zh-cn.php
[ 2019-10-06T16:52:50+08:00 ][ info ] [ BIND ] 'socket/Bqworker'
[ 2019-10-06T16:52:50+08:00 ][ info ] [ ROUTE ] array (
  'type' => 'module',
  'module' => 
  array (
    0 => 'socket',
    1 => 'Bqworker',
    2 => 'stop',
  ),
)
[ 2019-10-06T16:52:50+08:00 ][ info ] [ HEADER ] array (
)
[ 2019-10-06T16:52:50+08:00 ][ info ] [ PARAM ] array (
)
[ 2019-10-06T16:52:50+08:00 ][ info ] [ BEHAVIOR ] Run app\common\behavior\Common @module_init [ RunTime:0.003166s ]
[ 2019-10-06T16:52:54+08:00 ][ info ] [ BEHAVIOR ] Run Closure @app_init [ RunTime:0.000128s ]
[ info ] [ LOG ] INIT File
[ 2019-10-06T16:52:54+08:00 ][ info ] [ CACHE ] INIT Redis
[ 2019-10-06T16:52:54+08:00 ][ info ] [ BEHAVIOR ] Run Closure @app_init [ RunTime:0.002664s ]
[ 2019-10-06T16:52:54+08:00 ][ info ] [ LANG ] /www/wwwroot/apk.cityshopper.com.cn/thinkphp/lang/zh-cn.php
[ 2019-10-06T16:52:54+08:00 ][ info ] [ BIND ] 'socket/Bqworker'
[ 2019-10-06T16:52:54+08:00 ][ info ] [ ROUTE ] array (
  'type' => 'module',
  'module' => 
  array (
    0 => 'socket',
    1 => 'Bqworker',
    2 => 'start',
  ),
)
[ 2019-10-06T16:52:54+08:00 ][ info ] [ HEADER ] array (
)
[ 2019-10-06T16:52:54+08:00 ][ info ] [ PARAM ] array (
)
[ 2019-10-06T16:52:54+08:00 ][ info ] [ BEHAVIOR ] Run app\common\behavior\Common @module_init [ RunTime:0.002931s ]
[ 2019-10-06T16:52:55+08:00 ][ info ] [ DB ] INIT mysql
